{"obj": {"type": "AssignString", "path": ["sys", "description"], "value": ""}, "version": 1, "at": 1719544674.0716655}
{"obj": {"type": "AssignString", "path": ["monitoring", "e78c9bfb", "hostname"], "value": "ideas"}, "version": 2, "at": 1719544674.0718184}
{"obj": {"type": "AssignString", "path": ["sys", "hostname"], "value": "ideas"}, "version": 3, "at": 1719544674.0718749}
{"obj": {"type": "AssignString", "path": ["monitoring", "e78c9bfb", "pid"], "value": "612340"}, "version": 4, "at": 1719544674.0719259}
{"obj": {"type": "AssignString", "path": ["monitoring", "e78c9bfb", "tid"], "value": "140689463980032"}, "version": 5, "at": 1719544674.0719757}
{"obj": {"type": "AssignBool", "path": ["sys", "failed"], "value": false}, "version": 6, "at": 1719544674.0720186}
{"obj": {"type": "ClearStringLog", "path": ["monitoring", "e78c9bfb", "stdout"]}, "version": 7, "at": 1719544674.0720863}
{"obj": {"type": "ClearStringLog", "path": ["monitoring", "e78c9bfb", "stderr"]}, "version": 8, "at": 1719544674.072137}
{"obj": {"type": "AssignString", "path": ["source_code", "entrypoint"], "value": "mnist.py"}, "version": 9, "at": 1719544674.0723104}
{"obj": {"type": "UploadFileSet", "path": ["source_code", "files"], "file_globs": ["/home/silversurfer42/fun/simoss/swarms/mnist.py"], "reset": "False"}, "version": 10, "at": 1719544674.072368}
{"obj": {"type": "UploadFile", "path": ["source_code", "diff"], "ext": "patch", "file_path": null, "tmp_file_name": "source_code_diff-1719544674.079318-2024-06-28_05.17.54.079318.patch", "clean_after_upload": false}, "version": 11, "at": 1719544674.0794697}
{"obj": {"type": "LogStrings", "path": ["monitoring", "e78c9bfb", "stdout"], "values": [{"value": "[neptune] [warning] Info (NVML): NVML Shared Library Not Found. GPU usage metrics may not be reported. For more information, see https://docs.neptune.ai/help/nvml_error/\n", "step": null, "ts": 1719544674.0852911}]}, "version": 12, "at": 1719544674.0853443}
{"obj": {"type": "ConfigFloatSeries", "path": ["monitoring", "e78c9bfb", "cpu"], "min": 0.0, "max": 100.0, "unit": "%"}, "version": 13, "at": 1719544674.0857747}
{"obj": {"type": "ClearFloatLog", "path": ["monitoring", "e78c9bfb", "cpu"]}, "version": 14, "at": 1719544674.0858324}
{"obj": {"type": "ConfigFloatSeries", "path": ["monitoring", "e78c9bfb", "memory"], "min": 0.0, "max": 7.180004119873047, "unit": "GB"}, "version": 15, "at": 1719544674.085895}
{"obj": {"type": "ClearFloatLog", "path": ["monitoring", "e78c9bfb", "memory"]}, "version": 16, "at": 1719544674.0859213}
{"obj": {"type": "AssignBool", "path": ["parameters", "gradient"], "value": false}, "version": 17, "at": 1719544674.0866008}
{"obj": {"type": "AssignString", "path": ["parameters", "optim"], "value": "sg"}, "version": 18, "at": 1719544674.0867233}
{"obj": {"type": "AssignInt", "path": ["parameters", "N"], "value": 10}, "version": 19, "at": 1719544674.0867941}
{"obj": {"type": "AssignInt", "path": ["parameters", "epochs"], "value": 30}, "version": 20, "at": 1719544674.0868433}
{"obj": {"type": "AssignFloat", "path": ["parameters", "stop"], "value": 1000000000000000.0}, "version": 21, "at": 1719544674.0869124}
{"obj": {"type": "LogFloats", "path": ["monitoring", "e78c9bfb", "cpu"], "values": [{"value": 14.5, "step": null, "ts": 1719544674.086111}]}, "version": 22, "at": 1719544674.0875568}
{"obj": {"type": "LogFloats", "path": ["monitoring", "e78c9bfb", "memory"], "values": [{"value": 4.824928283691406, "step": null, "ts": 1719544674.086111}]}, "version": 23, "at": 1719544674.0876734}
{"obj": {"type": "LogFloats", "path": ["train", "avg_v_norm"], "values": [{"value": 0.0544375404715538, "step": null, "ts": 1719544674.2312796}]}, "version": 24, "at": 1719544674.2313178}
{"obj": {"type": "LogFloats", "path": ["train", "loss"], "values": [{"value": 11.222650527954102, "step": null, "ts": 1719544674.2314835}]}, "version": 25, "at": 1719544674.2314963}
{"obj": {"type": "LogStrings", "path": ["monitoring", "e78c9bfb", "stdout"], "values": [{"value": "Train Epoch: 0 [0/60000 (0%)]\tLoss: 11.222651", "step": null, "ts": 1719544674.231712}]}, "version": 26, "at": 1719544674.2317498}
{"obj": {"type": "LogStrings", "path": ["monitoring", "e78c9bfb", "stdout"], "values": [{"value": "\n", "step": null, "ts": 1719544674.2319798}]}, "version": 27, "at": 1719544674.2319925}
{"obj": {"type": "LogFloats", "path": ["train", "avg_v_norm"], "values": [{"value": 0.07330958545207977, "step": null, "ts": 1719544674.2530801}]}, "version": 28, "at": 1719544674.2531266}
{"obj": {"type": "LogFloats", "path": ["train", "loss"], "values": [{"value": 11.548704147338867, "step": null, "ts": 1719544674.2532742}]}, "version": 29, "at": 1719544674.253288}
{"obj": {"type": "LogStrings", "path": ["monitoring", "e78c9bfb", "stdout"], "values": [{"value": "Train Epoch: 0 [64/60000 (0%)]\tLoss: 11.548704", "step": null, "ts": 1719544674.2535021}]}, "version": 30, "at": 1719544674.253538}
{"obj": {"type": "LogStrings", "path": ["monitoring", "e78c9bfb", "stdout"], "values": [{"value": "\n", "step": null, "ts": 1719544674.2537653}]}, "version": 31, "at": 1719544674.253778}
{"obj": {"type": "LogFloats", "path": ["train", "avg_v_norm"], "values": [{"value": 0.061771295964717865, "step": null, "ts": 1719544674.2844868}]}, "version": 32, "at": 1719544674.284534}
{"obj": {"type": "LogFloats", "path": ["train", "loss"], "values": [{"value": 11.140702247619629, "step": null, "ts": 1719544674.2846856}]}, "version": 33, "at": 1719544674.2846994}
{"obj": {"type": "LogStrings", "path": ["monitoring", "e78c9bfb", "stdout"], "values": [{"value": "Train Epoch: 0 [128/60000 (0%)]\tLoss: 11.140702", "step": null, "ts": 1719544674.2849116}]}, "version": 34, "at": 1719544674.2849479}
{"obj": {"type": "LogStrings", "path": ["monitoring", "e78c9bfb", "stdout"], "values": [{"value": "\n", "step": null, "ts": 1719544674.2851954}]}, "version": 35, "at": 1719544674.2852082}
{"obj": {"type": "LogFloats", "path": ["train", "avg_v_norm"], "values": [{"value": 0.030101697891950607, "step": null, "ts": 1719544674.324037}]}, "version": 36, "at": 1719544674.324086}
{"obj": {"type": "LogFloats", "path": ["train", "loss"], "values": [{"value": 10.846076011657715, "step": null, "ts": 1719544674.3242242}]}, "version": 37, "at": 1719544674.324238}
{"obj": {"type": "LogStrings", "path": ["monitoring", "e78c9bfb", "stdout"], "values": [{"value": "Train Epoch: 0 [192/60000 (0%)]\tLoss: 10.846076", "step": null, "ts": 1719544674.3244247}]}, "version": 38, "at": 1719544674.3244562}
{"obj": {"type": "LogStrings", "path": ["monitoring", "e78c9bfb", "stdout"], "values": [{"value": "\n", "step": null, "ts": 1719544674.3246043}]}, "version": 39, "at": 1719544674.324617}
{"obj": {"type": "LogFloats", "path": ["train", "avg_v_norm"], "values": [{"value": 0.08324265480041504, "step": null, "ts": 1719544674.3485594}]}, "version": 40, "at": 1719544674.3486073}
{"obj": {"type": "LogFloats", "path": ["train", "loss"], "values": [{"value": 10.654288291931152, "step": null, "ts": 1719544674.3487587}]}, "version": 41, "at": 1719544674.348772}
{"obj": {"type": "LogStrings", "path": ["monitoring", "e78c9bfb", "stdout"], "values": [{"value": "Train Epoch: 0 [256/60000 (0%)]\tLoss: 10.654288", "step": null, "ts": 1719544674.3489282}]}, "version": 42, "at": 1719544674.3489444}
{"obj": {"type": "LogStrings", "path": ["monitoring", "e78c9bfb", "stdout"], "values": [{"value": "\n", "step": null, "ts": 1719544674.3490517}]}, "version": 43, "at": 1719544674.3490627}
{"obj": {"type": "LogFloats", "path": ["train", "avg_v_norm"], "values": [{"value": 0.03529835492372513, "step": null, "ts": 1719544674.3767667}]}, "version": 44, "at": 1719544674.376815}
{"obj": {"type": "LogFloats", "path": ["train", "loss"], "values": [{"value": 10.708799362182617, "step": null, "ts": 1719544674.3769677}]}, "version": 45, "at": 1719544674.376983}
{"obj": {"type": "LogStrings", "path": ["monitoring", "e78c9bfb", "stdout"], "values": [{"value": "Train Epoch: 0 [320/60000 (1%)]\tLoss: 10.708799", "step": null, "ts": 1719544674.3771415}]}, "version": 46, "at": 1719544674.3771627}
{"obj": {"type": "LogStrings", "path": ["monitoring", "e78c9bfb", "stdout"], "values": [{"value": "\n", "step": null, "ts": 1719544674.377273}]}, "version": 47, "at": 1719544674.3772864}
{"obj": {"type": "LogFloats", "path": ["train", "avg_v_norm"], "values": [{"value": 0.04582781717181206, "step": null, "ts": 1719544674.409574}]}, "version": 48, "at": 1719544674.4096208}
{"obj": {"type": "LogFloats", "path": ["train", "loss"], "values": [{"value": 10.616455078125, "step": null, "ts": 1719544674.4097607}]}, "version": 49, "at": 1719544674.4097757}
{"obj": {"type": "LogStrings", "path": ["monitoring", "e78c9bfb", "stdout"], "values": [{"value": "Train Epoch: 0 [384/60000 (1%)]\tLoss: 10.616455", "step": null, "ts": 1719544674.4099243}]}, "version": 50, "at": 1719544674.4099498}
{"obj": {"type": "LogStrings", "path": ["monitoring", "e78c9bfb", "stdout"], "values": [{"value": "\n", "step": null, "ts": 1719544674.410074}]}, "version": 51, "at": 1719544674.4100864}
{"obj": {"type": "LogFloats", "path": ["train", "avg_v_norm"], "values": [{"value": 0.059133462607860565, "step": null, "ts": 1719544674.4480958}]}, "version": 52, "at": 1719544674.4481463}
{"obj": {"type": "LogFloats", "path": ["train", "loss"], "values": [{"value": 10.10407543182373, "step": null, "ts": 1719544674.4482994}]}, "version": 53, "at": 1719544674.448314}
{"obj": {"type": "LogStrings", "path": ["monitoring", "e78c9bfb", "stdout"], "values": [{"value": "Train Epoch: 0 [448/60000 (1%)]\tLoss: 10.104075", "step": null, "ts": 1719544674.448471}]}, "version": 54, "at": 1719544674.4484882}
{"obj": {"type": "LogStrings", "path": ["monitoring", "e78c9bfb", "stdout"], "values": [{"value": "\n", "step": null, "ts": 1719544674.4485931}]}, "version": 55, "at": 1719544674.4486043}
{"obj": {"type": "LogFloats", "path": ["train", "avg_v_norm"], "values": [{"value": 0.04473605006933212, "step": null, "ts": 1719544674.480999}]}, "version": 56, "at": 1719544674.481044}
{"obj": {"type": "LogFloats", "path": ["train", "loss"], "values": [{"value": 10.771842002868652, "step": null, "ts": 1719544674.4811878}]}, "version": 57, "at": 1719544674.4812021}
{"obj": {"type": "LogStrings", "path": ["monitoring", "e78c9bfb", "stdout"], "values": [{"value": "Train Epoch: 0 [512/60000 (1%)]\tLoss: 10.771842", "step": null, "ts": 1719544674.4813395}]}, "version": 58, "at": 1719544674.481355}
{"obj": {"type": "LogStrings", "path": ["monitoring", "e78c9bfb", "stdout"], "values": [{"value": "\n", "step": null, "ts": 1719544674.4814596}]}, "version": 59, "at": 1719544674.4814708}
{"obj": {"type": "LogFloats", "path": ["train", "avg_v_norm"], "values": [{"value": 0.05143663287162781, "step": null, "ts": 1719544674.514155}]}, "version": 60, "at": 1719544674.514201}
{"obj": {"type": "LogFloats", "path": ["train", "loss"], "values": [{"value": 10.892674446105957, "step": null, "ts": 1719544674.5143557}]}, "version": 61, "at": 1719544674.5143702}
{"obj": {"type": "LogStrings", "path": ["monitoring", "e78c9bfb", "stdout"], "values": [{"value": "Train Epoch: 0 [576/60000 (1%)]\tLoss: 10.892674", "step": null, "ts": 1719544674.5145214}]}, "version": 62, "at": 1719544674.5145385}
{"obj": {"type": "LogStrings", "path": ["monitoring", "e78c9bfb", "stdout"], "values": [{"value": "\n", "step": null, "ts": 1719544674.5146446}]}, "version": 63, "at": 1719544674.514656}
{"obj": {"type": "LogFloats", "path": ["train", "avg_v_norm"], "values": [{"value": 0.04378639534115791, "step": null, "ts": 1719544674.5376246}]}, "version": 64, "at": 1719544674.5376735}
{"obj": {"type": "LogFloats", "path": ["train", "loss"], "values": [{"value": 11.06829833984375, "step": null, "ts": 1719544674.5378237}]}, "version": 65, "at": 1719544674.537837}
{"obj": {"type": "LogStrings", "path": ["monitoring", "e78c9bfb", "stdout"], "values": [{"value": "Train Epoch: 0 [640/60000 (1%)]\tLoss: 11.068298", "step": null, "ts": 1719544674.53799}]}, "version": 66, "at": 1719544674.538007}
{"obj": {"type": "LogStrings", "path": ["monitoring", "e78c9bfb", "stdout"], "values": [{"value": "\n", "step": null, "ts": 1719544674.5381114}]}, "version": 67, "at": 1719544674.538122}
{"obj": {"type": "LogFloats", "path": ["train", "avg_v_norm"], "values": [{"value": 0.04267735034227371, "step": null, "ts": 1719544674.5608988}]}, "version": 68, "at": 1719544674.5609446}
{"obj": {"type": "LogFloats", "path": ["train", "loss"], "values": [{"value": 10.543691635131836, "step": null, "ts": 1719544674.561107}]}, "version": 69, "at": 1719544674.5611207}
{"obj": {"type": "LogStrings", "path": ["monitoring", "e78c9bfb", "stdout"], "values": [{"value": "Train Epoch: 0 [704/60000 (1%)]\tLoss: 10.543692", "step": null, "ts": 1719544674.5612657}]}, "version": 70, "at": 1719544674.5612817}
{"obj": {"type": "LogStrings", "path": ["monitoring", "e78c9bfb", "stdout"], "values": [{"value": "\n", "step": null, "ts": 1719544674.5613914}]}, "version": 71, "at": 1719544674.5614023}
{"obj": {"type": "LogFloats", "path": ["train", "avg_v_norm"], "values": [{"value": 0.04415014386177063, "step": null, "ts": 1719544674.591866}]}, "version": 72, "at": 1719544674.5919156}
{"obj": {"type": "LogFloats", "path": ["train", "loss"], "values": [{"value": 10.93101692199707, "step": null, "ts": 1719544674.5920727}]}, "version": 73, "at": 1719544674.5920873}
{"obj": {"type": "LogStrings", "path": ["monitoring", "e78c9bfb", "stdout"], "values": [{"value": "Train Epoch: 0 [768/60000 (1%)]\tLoss: 10.931017", "step": null, "ts": 1719544674.5922437}]}, "version": 74, "at": 1719544674.5922601}
{"obj": {"type": "LogStrings", "path": ["monitoring", "e78c9bfb", "stdout"], "values": [{"value": "\n", "step": null, "ts": 1719544674.5923648}]}, "version": 75, "at": 1719544674.5923762}
{"obj": {"type": "LogFloats", "path": ["train", "avg_v_norm"], "values": [{"value": 0.04485194757580757, "step": null, "ts": 1719544674.62015}]}, "version": 76, "at": 1719544674.6201973}
{"obj": {"type": "LogFloats", "path": ["train", "loss"], "values": [{"value": 11.026123046875, "step": null, "ts": 1719544674.6203494}]}, "version": 77, "at": 1719544674.6203635}
{"obj": {"type": "LogStrings", "path": ["monitoring", "e78c9bfb", "stdout"], "values": [{"value": "Train Epoch: 0 [832/60000 (1%)]\tLoss: 11.026123", "step": null, "ts": 1719544674.6205137}]}, "version": 78, "at": 1719544674.6205294}
{"obj": {"type": "LogStrings", "path": ["monitoring", "e78c9bfb", "stdout"], "values": [{"value": "\n", "step": null, "ts": 1719544674.6206348}]}, "version": 79, "at": 1719544674.6206462}
{"obj": {"type": "LogFloats", "path": ["train", "avg_v_norm"], "values": [{"value": 0.046916522085666656, "step": null, "ts": 1719544674.652064}]}, "version": 80, "at": 1719544674.6521072}
{"obj": {"type": "LogFloats", "path": ["train", "loss"], "values": [{"value": 10.160615921020508, "step": null, "ts": 1719544674.652238}]}, "version": 81, "at": 1719544674.6522517}
{"obj": {"type": "LogStrings", "path": ["monitoring", "e78c9bfb", "stdout"], "values": [{"value": "Train Epoch: 0 [896/60000 (1%)]\tLoss: 10.160616", "step": null, "ts": 1719544674.6523814}]}, "version": 82, "at": 1719544674.6523974}
{"obj": {"type": "LogStrings", "path": ["monitoring", "e78c9bfb", "stdout"], "values": [{"value": "\n", "step": null, "ts": 1719544674.652499}]}, "version": 83, "at": 1719544674.65251}
{"obj": {"type": "LogFloats", "path": ["train", "avg_v_norm"], "values": [{"value": 0.04438270628452301, "step": null, "ts": 1719544674.6837802}]}, "version": 84, "at": 1719544674.683845}
{"obj": {"type": "LogFloats", "path": ["train", "loss"], "values": [{"value": 10.926765441894531, "step": null, "ts": 1719544674.6840115}]}, "version": 85, "at": 1719544674.6840265}
{"obj": {"type": "LogStrings", "path": ["monitoring", "e78c9bfb", "stdout"], "values": [{"value": "Train Epoch: 0 [960/60000 (2%)]\tLoss: 10.926765", "step": null, "ts": 1719544674.68417}]}, "version": 86, "at": 1719544674.6841872}
{"obj": {"type": "LogStrings", "path": ["monitoring", "e78c9bfb", "stdout"], "values": [{"value": "\n", "step": null, "ts": 1719544674.6842937}]}, "version": 87, "at": 1719544674.6843042}
{"obj": {"type": "LogFloats", "path": ["train", "avg_v_norm"], "values": [{"value": 0.05194484069943428, "step": null, "ts": 1719544674.7146814}]}, "version": 88, "at": 1719544674.7147665}
{"obj": {"type": "LogFloats", "path": ["train", "loss"], "values": [{"value": 10.65414810180664, "step": null, "ts": 1719544674.7149951}]}, "version": 89, "at": 1719544674.7150085}
{"obj": {"type": "LogStrings", "path": ["monitoring", "e78c9bfb", "stdout"], "values": [{"value": "Train Epoch: 0 [1024/60000 (2%)]\tLoss: 10.654148", "step": null, "ts": 1719544674.7152028}]}, "version": 90, "at": 1719544674.7152243}
{"obj": {"type": "LogStrings", "path": ["monitoring", "e78c9bfb", "stdout"], "values": [{"value": "\n", "step": null, "ts": 1719544674.7153487}]}, "version": 91, "at": 1719544674.7153597}
{"obj": {"type": "LogFloats", "path": ["train", "avg_v_norm"], "values": [{"value": 0.08647598326206207, "step": null, "ts": 1719544674.7386284}]}, "version": 92, "at": 1719544674.7386756}
{"obj": {"type": "LogFloats", "path": ["train", "loss"], "values": [{"value": 10.587194442749023, "step": null, "ts": 1719544674.7388275}]}, "version": 93, "at": 1719544674.7388408}
{"obj": {"type": "LogStrings", "path": ["monitoring", "e78c9bfb", "stdout"], "values": [{"value": "Train Epoch: 0 [1088/60000 (2%)]\tLoss: 10.587194", "step": null, "ts": 1719544674.7390203}]}, "version": 94, "at": 1719544674.7390394}
{"obj": {"type": "LogStrings", "path": ["monitoring", "e78c9bfb", "stdout"], "values": [{"value": "\n", "step": null, "ts": 1719544674.7391725}]}, "version": 95, "at": 1719544674.7391834}
{"obj": {"type": "LogFloats", "path": ["train", "avg_v_norm"], "values": [{"value": 0.031613465398550034, "step": null, "ts": 1719544674.76399}]}, "version": 96, "at": 1719544674.7640378}
{"obj": {"type": "LogFloats", "path": ["train", "loss"], "values": [{"value": 10.904333114624023, "step": null, "ts": 1719544674.7642229}]}, "version": 97, "at": 1719544674.7642372}
{"obj": {"type": "LogStrings", "path": ["monitoring", "e78c9bfb", "stdout"], "values": [{"value": "Train Epoch: 0 [1152/60000 (2%)]\tLoss: 10.904333", "step": null, "ts": 1719544674.7643929}]}, "version": 98, "at": 1719544674.7644207}
{"obj": {"type": "LogStrings", "path": ["monitoring", "e78c9bfb", "stdout"], "values": [{"value": "\n", "step": null, "ts": 1719544674.7645426}]}, "version": 99, "at": 1719544674.7645547}
{"obj": {"type": "LogFloats", "path": ["train", "avg_v_norm"], "values": [{"value": 0.051191866397857666, "step": null, "ts": 1719544674.7958288}]}, "version": 100, "at": 1719544674.795876}
{"obj": {"type": "LogFloats", "path": ["train", "loss"], "values": [{"value": 11.274474143981934, "step": null, "ts": 1719544674.7960272}]}, "version": 101, "at": 1719544674.7960415}
{"obj": {"type": "LogStrings", "path": ["monitoring", "e78c9bfb", "stdout"], "values": [{"value": "Train Epoch: 0 [1216/60000 (2%)]\tLoss: 11.274474", "step": null, "ts": 1719544674.7961988}]}, "version": 102, "at": 1719544674.796227}
{"obj": {"type": "LogStrings", "path": ["monitoring", "e78c9bfb", "stdout"], "values": [{"value": "\n", "step": null, "ts": 1719544674.796347}]}, "version": 103, "at": 1719544674.7963588}
{"obj": {"type": "LogFloats", "path": ["train", "avg_v_norm"], "values": [{"value": 0.05072570592164993, "step": null, "ts": 1719544674.8239768}]}, "version": 104, "at": 1719544674.8240247}
{"obj": {"type": "LogFloats", "path": ["train", "loss"], "values": [{"value": 10.509337425231934, "step": null, "ts": 1719544674.8241816}]}, "version": 105, "at": 1719544674.8241959}
{"obj": {"type": "LogStrings", "path": ["monitoring", "e78c9bfb", "stdout"], "values": [{"value": "Train Epoch: 0 [1280/60000 (2%)]\tLoss: 10.509337", "step": null, "ts": 1719544674.824354}]}, "version": 106, "at": 1719544674.8243828}
{"obj": {"type": "LogStrings", "path": ["monitoring", "e78c9bfb", "stdout"], "values": [{"value": "\n", "step": null, "ts": 1719544674.8245015}]}, "version": 107, "at": 1719544674.8245132}
{"obj": {"type": "LogFloats", "path": ["train", "avg_v_norm"], "values": [{"value": 0.05550305172801018, "step": null, "ts": 1719544674.856622}]}, "version": 108, "at": 1719544674.856668}
{"obj": {"type": "LogFloats", "path": ["train", "loss"], "values": [{"value": 10.649127960205078, "step": null, "ts": 1719544674.8567977}]}, "version": 109, "at": 1719544674.856812}
{"obj": {"type": "LogStrings", "path": ["monitoring", "e78c9bfb", "stdout"], "values": [{"value": "Train Epoch: 0 [1344/60000 (2%)]\tLoss: 10.649128", "step": null, "ts": 1719544674.8569467}]}, "version": 110, "at": 1719544674.856965}
{"obj": {"type": "LogStrings", "path": ["monitoring", "e78c9bfb", "stdout"], "values": [{"value": "\n", "step": null, "ts": 1719544674.857062}]}, "version": 111, "at": 1719544674.8570743}
{"obj": {"type": "LogFloats", "path": ["train", "avg_v_norm"], "values": [{"value": 0.045409154146909714, "step": null, "ts": 1719544674.8813012}]}, "version": 112, "at": 1719544674.8813467}
{"obj": {"type": "LogFloats", "path": ["train", "loss"], "values": [{"value": 10.796564102172852, "step": null, "ts": 1719544674.8814929}]}, "version": 113, "at": 1719544674.881506}
{"obj": {"type": "LogStrings", "path": ["monitoring", "e78c9bfb", "stdout"], "values": [{"value": "Train Epoch: 0 [1408/60000 (2%)]\tLoss: 10.796564", "step": null, "ts": 1719544674.8816512}]}, "version": 114, "at": 1719544674.881674}
{"obj": {"type": "LogStrings", "path": ["monitoring", "e78c9bfb", "stdout"], "values": [{"value": "\n", "step": null, "ts": 1719544674.881768}]}, "version": 115, "at": 1719544674.8817804}
{"obj": {"type": "LogFloats", "path": ["train", "avg_v_norm"], "values": [{"value": 0.055553365498781204, "step": null, "ts": 1719544674.9064312}]}, "version": 116, "at": 1719544674.9064798}
{"obj": {"type": "LogFloats", "path": ["train", "loss"], "values": [{"value": 10.714877128601074, "step": null, "ts": 1719544674.906633}]}, "version": 117, "at": 1719544674.9066465}
{"obj": {"type": "LogStrings", "path": ["monitoring", "e78c9bfb", "stdout"], "values": [{"value": "Train Epoch: 0 [1472/60000 (2%)]\tLoss: 10.714877", "step": null, "ts": 1719544674.9068027}]}, "version": 118, "at": 1719544674.906824}
{"obj": {"type": "LogStrings", "path": ["monitoring", "e78c9bfb", "stdout"], "values": [{"value": "\n", "step": null, "ts": 1719544674.9069214}]}, "version": 119, "at": 1719544674.9069505}
{"obj": {"type": "LogFloats", "path": ["train", "avg_v_norm"], "values": [{"value": 0.06212024763226509, "step": null, "ts": 1719544674.9409397}]}, "version": 120, "at": 1719544674.9409895}
{"obj": {"type": "LogFloats", "path": ["train", "loss"], "values": [{"value": 10.621322631835938, "step": null, "ts": 1719544674.9411402}]}, "version": 121, "at": 1719544674.941153}
{"obj": {"type": "LogStrings", "path": ["monitoring", "e78c9bfb", "stdout"], "values": [{"value": "Train Epoch: 0 [1536/60000 (3%)]\tLoss: 10.621323", "step": null, "ts": 1719544674.9413142}]}, "version": 122, "at": 1719544674.9413364}
{"obj": {"type": "LogStrings", "path": ["monitoring", "e78c9bfb", "stdout"], "values": [{"value": "\n", "step": null, "ts": 1719544674.9414976}]}, "version": 123, "at": 1719544674.94151}
{"obj": {"type": "LogFloats", "path": ["train", "avg_v_norm"], "values": [{"value": 0.049990758299827576, "step": null, "ts": 1719544674.9686167}]}, "version": 124, "at": 1719544674.9686947}
{"obj": {"type": "LogFloats", "path": ["train", "loss"], "values": [{"value": 11.221284866333008, "step": null, "ts": 1719544674.968932}]}, "version": 125, "at": 1719544674.9689448}
{"obj": {"type": "LogStrings", "path": ["monitoring", "e78c9bfb", "stdout"], "values": [{"value": "Train Epoch: 0 [1600/60000 (3%)]\tLoss: 11.221285", "step": null, "ts": 1719544674.9691608}]}, "version": 126, "at": 1719544674.969191}
{"obj": {"type": "LogStrings", "path": ["monitoring", "e78c9bfb", "stdout"], "values": [{"value": "\n", "step": null, "ts": 1719544674.9693232}]}, "version": 127, "at": 1719544674.9693348}
{"obj": {"type": "LogFloats", "path": ["train", "avg_v_norm"], "values": [{"value": 0.0501263253390789, "step": null, "ts": 1719544675.001768}]}, "version": 128, "at": 1719544675.0018141}
{"obj": {"type": "LogFloats", "path": ["train", "loss"], "values": [{"value": 10.7832612991333, "step": null, "ts": 1719544675.00196}]}, "version": 129, "at": 1719544675.0019734}
{"obj": {"type": "LogStrings", "path": ["monitoring", "e78c9bfb", "stdout"], "values": [{"value": "Train Epoch: 0 [1664/60000 (3%)]\tLoss: 10.783261", "step": null, "ts": 1719544675.0021236}]}, "version": 130, "at": 1719544675.0021503}
{"obj": {"type": "LogStrings", "path": ["monitoring", "e78c9bfb", "stdout"], "values": [{"value": "\n", "step": null, "ts": 1719544675.0022726}]}, "version": 131, "at": 1719544675.002284}
{"obj": {"type": "LogFloats", "path": ["train", "avg_v_norm"], "values": [{"value": 0.05375503748655319, "step": null, "ts": 1719544675.046258}]}, "version": 132, "at": 1719544675.0463066}
{"obj": {"type": "LogFloats", "path": ["train", "loss"], "values": [{"value": 11.065723419189453, "step": null, "ts": 1719544675.0464578}]}, "version": 133, "at": 1719544675.0464718}
{"obj": {"type": "LogStrings", "path": ["monitoring", "e78c9bfb", "stdout"], "values": [{"value": "Train Epoch: 0 [1728/60000 (3%)]\tLoss: 11.065723", "step": null, "ts": 1719544675.0466297}]}, "version": 134, "at": 1719544675.0466511}
{"obj": {"type": "LogStrings", "path": ["monitoring", "e78c9bfb", "stdout"], "values": [{"value": "\n", "step": null, "ts": 1719544675.0468187}]}, "version": 135, "at": 1719544675.046831}
{"obj": {"type": "LogFloats", "path": ["train", "avg_v_norm"], "values": [{"value": 0.04619596153497696, "step": null, "ts": 1719544675.081046}]}, "version": 136, "at": 1719544675.0810935}
{"obj": {"type": "LogFloats", "path": ["train", "loss"], "values": [{"value": 10.72981071472168, "step": null, "ts": 1719544675.0812447}]}, "version": 137, "at": 1719544675.0812578}
{"obj": {"type": "LogStrings", "path": ["monitoring", "e78c9bfb", "stdout"], "values": [{"value": "Train Epoch: 0 [1792/60000 (3%)]\tLoss: 10.729811", "step": null, "ts": 1719544675.0814457}]}, "version": 138, "at": 1719544675.0814667}
{"obj": {"type": "LogStrings", "path": ["monitoring", "e78c9bfb", "stdout"], "values": [{"value": "\n", "step": null, "ts": 1719544675.081568}]}, "version": 139, "at": 1719544675.0815809}
{"obj": {"type": "LogFloats", "path": ["train", "avg_v_norm"], "values": [{"value": 0.054288607090711594, "step": null, "ts": 1719544675.1088004}]}, "version": 140, "at": 1719544675.1088831}
{"obj": {"type": "LogFloats", "path": ["train", "loss"], "values": [{"value": 10.761945724487305, "step": null, "ts": 1719544675.1090963}]}, "version": 141, "at": 1719544675.1091092}
{"obj": {"type": "LogStrings", "path": ["monitoring", "e78c9bfb", "stdout"], "values": [{"value": "Train Epoch: 0 [1856/60000 (3%)]\tLoss: 10.761946", "step": null, "ts": 1719544675.109369}]}, "version": 142, "at": 1719544675.1094224}
{"obj": {"type": "LogStrings", "path": ["monitoring", "e78c9bfb", "stdout"], "values": [{"value": "\n", "step": null, "ts": 1719544675.1095963}]}, "version": 143, "at": 1719544675.10961}
{"obj": {"type": "LogFloats", "path": ["train", "avg_v_norm"], "values": [{"value": 0.0631144642829895, "step": null, "ts": 1719544675.1417787}]}, "version": 144, "at": 1719544675.1418505}
{"obj": {"type": "LogFloats", "path": ["train", "loss"], "values": [{"value": 11.028597831726074, "step": null, "ts": 1719544675.142087}]}, "version": 145, "at": 1719544675.1421008}
{"obj": {"type": "LogStrings", "path": ["monitoring", "e78c9bfb", "stdout"], "values": [{"value": "Train Epoch: 0 [1920/60000 (3%)]\tLoss: 11.028598", "step": null, "ts": 1719544675.1423583}]}, "version": 146, "at": 1719544675.142388}
{"obj": {"type": "LogStrings", "path": ["monitoring", "e78c9bfb", "stdout"], "values": [{"value": "\n", "step": null, "ts": 1719544675.1425428}]}, "version": 147, "at": 1719544675.142559}
{"obj": {"type": "LogFloats", "path": ["train", "avg_v_norm"], "values": [{"value": 0.03625146299600601, "step": null, "ts": 1719544675.165744}]}, "version": 148, "at": 1719544675.1657913}
{"obj": {"type": "LogFloats", "path": ["train", "loss"], "values": [{"value": 11.159180641174316, "step": null, "ts": 1719544675.165941}]}, "version": 149, "at": 1719544675.165955}
{"obj": {"type": "LogStrings", "path": ["monitoring", "e78c9bfb", "stdout"], "values": [{"value": "Train Epoch: 0 [1984/60000 (3%)]\tLoss: 11.159181", "step": null, "ts": 1719544675.1661139}]}, "version": 150, "at": 1719544675.1661353}
{"obj": {"type": "LogStrings", "path": ["monitoring", "e78c9bfb", "stdout"], "values": [{"value": "\n", "step": null, "ts": 1719544675.1662307}]}, "version": 151, "at": 1719544675.166243}
{"obj": {"type": "LogFloats", "path": ["train", "avg_v_norm"], "values": [{"value": 0.03717207536101341, "step": null, "ts": 1719544675.1899085}]}, "version": 152, "at": 1719544675.1899574}
{"obj": {"type": "LogFloats", "path": ["train", "loss"], "values": [{"value": 10.691341400146484, "step": null, "ts": 1719544675.1901083}]}, "version": 153, "at": 1719544675.1901217}
{"obj": {"type": "LogStrings", "path": ["monitoring", "e78c9bfb", "stdout"], "values": [{"value": "Train Epoch: 0 [2048/60000 (3%)]\tLoss: 10.691341", "step": null, "ts": 1719544675.1902835}]}, "version": 154, "at": 1719544675.1903043}
{"obj": {"type": "LogStrings", "path": ["monitoring", "e78c9bfb", "stdout"], "values": [{"value": "\n", "step": null, "ts": 1719544675.1904728}]}, "version": 155, "at": 1719544675.190486}
{"obj": {"type": "LogFloats", "path": ["train", "avg_v_norm"], "values": [{"value": 0.028041988611221313, "step": null, "ts": 1719544675.2237191}]}, "version": 156, "at": 1719544675.2237668}
{"obj": {"type": "LogFloats", "path": ["train", "loss"], "values": [{"value": 10.823661804199219, "step": null, "ts": 1719544675.2239163}]}, "version": 157, "at": 1719544675.2239301}
{"obj": {"type": "LogStrings", "path": ["monitoring", "e78c9bfb", "stdout"], "values": [{"value": "Train Epoch: 0 [2112/60000 (4%)]\tLoss: 10.823662", "step": null, "ts": 1719544675.2240875}]}, "version": 158, "at": 1719544675.2241168}
{"obj": {"type": "LogStrings", "path": ["monitoring", "e78c9bfb", "stdout"], "values": [{"value": "\n", "step": null, "ts": 1719544675.2242336}]}, "version": 159, "at": 1719544675.224246}
{"obj": {"type": "LogFloats", "path": ["train", "avg_v_norm"], "values": [{"value": 0.05233124643564224, "step": null, "ts": 1719544675.2527916}]}, "version": 160, "at": 1719544675.252838}
{"obj": {"type": "LogFloats", "path": ["train", "loss"], "values": [{"value": 10.580171585083008, "step": null, "ts": 1719544675.2529926}]}, "version": 161, "at": 1719544675.2530067}
{"obj": {"type": "LogStrings", "path": ["monitoring", "e78c9bfb", "stdout"], "values": [{"value": "Train Epoch: 0 [2176/60000 (4%)]\tLoss: 10.580172", "step": null, "ts": 1719544675.2531602}]}, "version": 162, "at": 1719544675.2531812}
{"obj": {"type": "LogStrings", "path": ["monitoring", "e78c9bfb", "stdout"], "values": [{"value": "\n", "step": null, "ts": 1719544675.2532775}]}, "version": 163, "at": 1719544675.2532904}
{"obj": {"type": "LogFloats", "path": ["train", "avg_v_norm"], "values": [{"value": 0.04431155323982239, "step": null, "ts": 1719544675.2837722}]}, "version": 164, "at": 1719544675.28382}
{"obj": {"type": "LogFloats", "path": ["train", "loss"], "values": [{"value": 11.025522232055664, "step": null, "ts": 1719544675.2839699}]}, "version": 165, "at": 1719544675.2839837}
{"obj": {"type": "LogStrings", "path": ["monitoring", "e78c9bfb", "stdout"], "values": [{"value": "Train Epoch: 0 [2240/60000 (4%)]\tLoss: 11.025522", "step": null, "ts": 1719544675.2841356}]}, "version": 166, "at": 1719544675.284157}
{"obj": {"type": "LogStrings", "path": ["monitoring", "e78c9bfb", "stdout"], "values": [{"value": "\n", "step": null, "ts": 1719544675.2842531}]}, "version": 167, "at": 1719544675.2842655}
{"obj": {"type": "LogFloats", "path": ["train", "avg_v_norm"], "values": [{"value": 0.05392860621213913, "step": null, "ts": 1719544675.3170092}]}, "version": 168, "at": 1719544675.3170547}
{"obj": {"type": "LogFloats", "path": ["train", "loss"], "values": [{"value": 10.67241382598877, "step": null, "ts": 1719544675.3171937}]}, "version": 169, "at": 1719544675.3172076}
{"obj": {"type": "LogStrings", "path": ["monitoring", "e78c9bfb", "stdout"], "values": [{"value": "Train Epoch: 0 [2304/60000 (4%)]\tLoss: 10.672414", "step": null, "ts": 1719544675.3173664}]}, "version": 170, "at": 1719544675.3173862}
{"obj": {"type": "LogStrings", "path": ["monitoring", "e78c9bfb", "stdout"], "values": [{"value": "\n", "step": null, "ts": 1719544675.3175764}]}, "version": 171, "at": 1719544675.3175888}
{"obj": {"type": "LogFloats", "path": ["train", "avg_v_norm"], "values": [{"value": 0.04591039568185806, "step": null, "ts": 1719544675.3411498}]}, "version": 172, "at": 1719544675.3411949}
{"obj": {"type": "LogFloats", "path": ["train", "loss"], "values": [{"value": 10.804474830627441, "step": null, "ts": 1719544675.341336}]}, "version": 173, "at": 1719544675.3413496}
{"obj": {"type": "LogStrings", "path": ["monitoring", "e78c9bfb", "stdout"], "values": [{"value": "Train Epoch: 0 [2368/60000 (4%)]\tLoss: 10.804475", "step": null, "ts": 1719544675.3414917}]}, "version": 174, "at": 1719544675.341511}
{"obj": {"type": "LogStrings", "path": ["monitoring", "e78c9bfb", "stdout"], "values": [{"value": "\n", "step": null, "ts": 1719544675.3416107}]}, "version": 175, "at": 1719544675.3416228}
{"obj": {"type": "LogFloats", "path": ["train", "avg_v_norm"], "values": [{"value": 0.04395291581749916, "step": null, "ts": 1719544675.387343}]}, "version": 176, "at": 1719544675.3873894}
{"obj": {"type": "LogFloats", "path": ["train", "loss"], "values": [{"value": 10.706928253173828, "step": null, "ts": 1719544675.3875303}]}, "version": 177, "at": 1719544675.3875444}
{"obj": {"type": "LogStrings", "path": ["monitoring", "e78c9bfb", "stdout"], "values": [{"value": "Train Epoch: 0 [2432/60000 (4%)]\tLoss: 10.706928", "step": null, "ts": 1719544675.3877017}]}, "version": 178, "at": 1719544675.3877225}
{"obj": {"type": "LogStrings", "path": ["monitoring", "e78c9bfb", "stdout"], "values": [{"value": "\n", "step": null, "ts": 1719544675.3881314}]}, "version": 179, "at": 1719544675.3881452}
{"obj": {"type": "LogFloats", "path": ["train", "avg_v_norm"], "values": [{"value": 0.052083808928728104, "step": null, "ts": 1719544675.4162507}]}, "version": 180, "at": 1719544675.4163105}
{"obj": {"type": "LogFloats", "path": ["train", "loss"], "values": [{"value": 10.615643501281738, "step": null, "ts": 1719544675.4164958}]}, "version": 181, "at": 1719544675.4165099}
{"obj": {"type": "LogStrings", "path": ["monitoring", "e78c9bfb", "stdout"], "values": [{"value": "Train Epoch: 0 [2496/60000 (4%)]\tLoss: 10.615644", "step": null, "ts": 1719544675.4170136}]}, "version": 182, "at": 1719544675.417035}
{"obj": {"type": "LogStrings", "path": ["monitoring", "e78c9bfb", "stdout"], "values": [{"value": "\n", "step": null, "ts": 1719544675.4171228}]}, "version": 183, "at": 1719544675.4171343}
{"obj": {"type": "LogFloats", "path": ["train", "avg_v_norm"], "values": [{"value": 0.07040756940841675, "step": null, "ts": 1719544675.4418561}]}, "version": 184, "at": 1719544675.441904}
{"obj": {"type": "LogFloats", "path": ["train", "loss"], "values": [{"value": 10.675671577453613, "step": null, "ts": 1719544675.4420586}]}, "version": 185, "at": 1719544675.4420736}
{"obj": {"type": "LogStrings", "path": ["monitoring", "e78c9bfb", "stdout"], "values": [{"value": "Train Epoch: 0 [2560/60000 (4%)]\tLoss: 10.675672", "step": null, "ts": 1719544675.4422324}]}, "version": 186, "at": 1719544675.4422536}
{"obj": {"type": "LogStrings", "path": ["monitoring", "e78c9bfb", "stdout"], "values": [{"value": "\n", "step": null, "ts": 1719544675.445039}]}, "version": 187, "at": 1719544675.4450743}
{"obj": {"type": "LogFloats", "path": ["train", "avg_v_norm"], "values": [{"value": 0.03584599122405052, "step": null, "ts": 1719544675.4700198}]}, "version": 188, "at": 1719544675.4700665}
{"obj": {"type": "LogFloats", "path": ["train", "loss"], "values": [{"value": 10.492985725402832, "step": null, "ts": 1719544675.4702218}]}, "version": 189, "at": 1719544675.4702353}
{"obj": {"type": "LogStrings", "path": ["monitoring", "e78c9bfb", "stdout"], "values": [{"value": "Train Epoch: 0 [2624/60000 (4%)]\tLoss: 10.492986", "step": null, "ts": 1719544675.470386}]}, "version": 190, "at": 1719544675.4704027}
{"obj": {"type": "LogStrings", "path": ["monitoring", "e78c9bfb", "stdout"], "values": [{"value": "\n", "step": null, "ts": 1719544675.4705153}]}, "version": 191, "at": 1719544675.4705255}
{"obj": {"type": "LogFloats", "path": ["train", "avg_v_norm"], "values": [{"value": 0.04003077372908592, "step": null, "ts": 1719544675.50018}]}, "version": 192, "at": 1719544675.5002263}
{"obj": {"type": "LogFloats", "path": ["train", "loss"], "values": [{"value": 10.470539093017578, "step": null, "ts": 1719544675.5003755}]}, "version": 193, "at": 1719544675.5003893}
{"obj": {"type": "LogStrings", "path": ["monitoring", "e78c9bfb", "stdout"], "values": [{"value": "Train Epoch: 0 [2688/60000 (4%)]\tLoss: 10.470539", "step": null, "ts": 1719544675.5005453}]}, "version": 194, "at": 1719544675.5005734}
{"obj": {"type": "LogStrings", "path": ["monitoring", "e78c9bfb", "stdout"], "values": [{"value": "\n", "step": null, "ts": 1719544675.500693}]}, "version": 195, "at": 1719544675.5007052}
{"obj": {"type": "LogFloats", "path": ["train", "avg_v_norm"], "values": [{"value": 0.03682449460029602, "step": null, "ts": 1719544675.5323715}]}, "version": 196, "at": 1719544675.5324187}
{"obj": {"type": "LogFloats", "path": ["train", "loss"], "values": [{"value": 10.37063217163086, "step": null, "ts": 1719544675.532571}]}, "version": 197, "at": 1719544675.5325854}
{"obj": {"type": "LogStrings", "path": ["monitoring", "e78c9bfb", "stdout"], "values": [{"value": "Train Epoch: 0 [2752/60000 (5%)]\tLoss: 10.370632", "step": null, "ts": 1719544675.5327375}]}, "version": 198, "at": 1719544675.532753}
{"obj": {"type": "LogStrings", "path": ["monitoring", "e78c9bfb", "stdout"], "values": [{"value": "\n", "step": null, "ts": 1719544675.5328615}]}, "version": 199, "at": 1719544675.5328727}
{"obj": {"type": "LogFloats", "path": ["train", "avg_v_norm"], "values": [{"value": 0.059319525957107544, "step": null, "ts": 1719544675.5614946}]}, "version": 200, "at": 1719544675.5615401}
{"obj": {"type": "LogFloats", "path": ["train", "loss"], "values": [{"value": 10.928716659545898, "step": null, "ts": 1719544675.5616896}]}, "version": 201, "at": 1719544675.5617034}
{"obj": {"type": "LogStrings", "path": ["monitoring", "e78c9bfb", "stdout"], "values": [{"value": "Train Epoch: 0 [2816/60000 (5%)]\tLoss: 10.928717", "step": null, "ts": 1719544675.5618503}]}, "version": 202, "at": 1719544675.5618663}
{"obj": {"type": "LogStrings", "path": ["monitoring", "e78c9bfb", "stdout"], "values": [{"value": "\n", "step": null, "ts": 1719544675.5619712}]}, "version": 203, "at": 1719544675.561982}
{"obj": {"type": "LogFloats", "path": ["train", "avg_v_norm"], "values": [{"value": 0.03554431349039078, "step": null, "ts": 1719544675.5935287}]}, "version": 204, "at": 1719544675.593573}
{"obj": {"type": "LogFloats", "path": ["train", "loss"], "values": [{"value": 10.891268730163574, "step": null, "ts": 1719544675.593715}]}, "version": 205, "at": 1719544675.5937285}
{"obj": {"type": "LogStrings", "path": ["monitoring", "e78c9bfb", "stdout"], "values": [{"value": "Train Epoch: 0 [2880/60000 (5%)]\tLoss: 10.891269", "step": null, "ts": 1719544675.5938687}]}, "version": 206, "at": 1719544675.5938842}
{"obj": {"type": "LogStrings", "path": ["monitoring", "e78c9bfb", "stdout"], "values": [{"value": "\n", "step": null, "ts": 1719544675.5939853}]}, "version": 207, "at": 1719544675.5939963}
{"obj": {"type": "LogFloats", "path": ["train", "avg_v_norm"], "values": [{"value": 0.05707145482301712, "step": null, "ts": 1719544675.6150737}]}, "version": 208, "at": 1719544675.615128}
{"obj": {"type": "LogFloats", "path": ["train", "loss"], "values": [{"value": 10.4351224899292, "step": null, "ts": 1719544675.6152916}]}, "version": 209, "at": 1719544675.6153052}
{"obj": {"type": "LogStrings", "path": ["monitoring", "e78c9bfb", "stdout"], "values": [{"value": "Train Epoch: 0 [2944/60000 (5%)]\tLoss: 10.435122", "step": null, "ts": 1719544675.615451}]}, "version": 210, "at": 1719544675.6154675}
{"obj": {"type": "LogStrings", "path": ["monitoring", "e78c9bfb", "stdout"], "values": [{"value": "\n", "step": null, "ts": 1719544675.6155767}]}, "version": 211, "at": 1719544675.6155882}
{"obj": {"type": "LogFloats", "path": ["train", "avg_v_norm"], "values": [{"value": 0.07193754613399506, "step": null, "ts": 1719544675.6413605}]}, "version": 212, "at": 1719544675.6414053}
{"obj": {"type": "LogFloats", "path": ["train", "loss"], "values": [{"value": 10.948514938354492, "step": null, "ts": 1719544675.6415565}]}, "version": 213, "at": 1719544675.64157}
{"obj": {"type": "LogStrings", "path": ["monitoring", "e78c9bfb", "stdout"], "values": [{"value": "Train Epoch: 0 [3008/60000 (5%)]\tLoss: 10.948515", "step": null, "ts": 1719544675.641718}]}, "version": 214, "at": 1719544675.6417341}
{"obj": {"type": "LogStrings", "path": ["monitoring", "e78c9bfb", "stdout"], "values": [{"value": "\n", "step": null, "ts": 1719544675.6418405}]}, "version": 215, "at": 1719544675.6418517}
{"obj": {"type": "LogFloats", "path": ["train", "avg_v_norm"], "values": [{"value": 0.0467291921377182, "step": null, "ts": 1719544675.668999}]}, "version": 216, "at": 1719544675.6690762}
{"obj": {"type": "LogFloats", "path": ["train", "loss"], "values": [{"value": 10.389899253845215, "step": null, "ts": 1719544675.6693687}]}, "version": 217, "at": 1719544675.6693826}
{"obj": {"type": "LogStrings", "path": ["monitoring", "e78c9bfb", "stdout"], "values": [{"value": "Train Epoch: 0 [3072/60000 (5%)]\tLoss: 10.389899", "step": null, "ts": 1719544675.6695447}]}, "version": 218, "at": 1719544675.6695619}
{"obj": {"type": "LogStrings", "path": ["monitoring", "e78c9bfb", "stdout"], "values": [{"value": "\n", "step": null, "ts": 1719544675.669695}]}, "version": 219, "at": 1719544675.6697066}
{"obj": {"type": "LogFloats", "path": ["train", "avg_v_norm"], "values": [{"value": 0.0503961443901062, "step": null, "ts": 1719544675.701401}]}, "version": 220, "at": 1719544675.701444}
{"obj": {"type": "LogFloats", "path": ["train", "loss"], "values": [{"value": 10.727702140808105, "step": null, "ts": 1719544675.7015815}]}, "version": 221, "at": 1719544675.701595}
{"obj": {"type": "LogStrings", "path": ["monitoring", "e78c9bfb", "stdout"], "values": [{"value": "Train Epoch: 0 [3136/60000 (5%)]\tLoss: 10.727702", "step": null, "ts": 1719544675.7017322}]}, "version": 222, "at": 1719544675.7017474}
{"obj": {"type": "LogStrings", "path": ["monitoring", "e78c9bfb", "stdout"], "values": [{"value": "\n", "step": null, "ts": 1719544675.7018495}]}, "version": 223, "at": 1719544675.7018602}
{"obj": {"type": "LogFloats", "path": ["train", "avg_v_norm"], "values": [{"value": 0.0699336901307106, "step": null, "ts": 1719544675.7339673}]}, "version": 224, "at": 1719544675.734016}
{"obj": {"type": "LogFloats", "path": ["train", "loss"], "values": [{"value": 10.972541809082031, "step": null, "ts": 1719544675.7341716}]}, "version": 225, "at": 1719544675.7341855}
{"obj": {"type": "LogStrings", "path": ["monitoring", "e78c9bfb", "stdout"], "values": [{"value": "Train Epoch: 0 [3200/60000 (5%)]\tLoss: 10.972542", "step": null, "ts": 1719544675.734339}]}, "version": 226, "at": 1719544675.7343566}
{"obj": {"type": "LogStrings", "path": ["monitoring", "e78c9bfb", "stdout"], "values": [{"value": "\n", "step": null, "ts": 1719544675.7344635}]}, "version": 227, "at": 1719544675.734475}
{"obj": {"type": "LogFloats", "path": ["train", "avg_v_norm"], "values": [{"value": 0.06490002572536469, "step": null, "ts": 1719544675.757662}]}, "version": 228, "at": 1719544675.7577088}
{"obj": {"type": "LogFloats", "path": ["train", "loss"], "values": [{"value": 10.584514617919922, "step": null, "ts": 1719544675.7578542}]}, "version": 229, "at": 1719544675.757867}
{"obj": {"type": "LogStrings", "path": ["monitoring", "e78c9bfb", "stdout"], "values": [{"value": "Train Epoch: 0 [3264/60000 (5%)]\tLoss: 10.584515", "step": null, "ts": 1719544675.7580147}]}, "version": 230, "at": 1719544675.7580316}
{"obj": {"type": "LogStrings", "path": ["monitoring", "e78c9bfb", "stdout"], "values": [{"value": "\n", "step": null, "ts": 1719544675.758135}]}, "version": 231, "at": 1719544675.7581465}
{"obj": {"type": "LogFloats", "path": ["train", "avg_v_norm"], "values": [{"value": 0.05451284721493721, "step": null, "ts": 1719544675.7807808}]}, "version": 232, "at": 1719544675.7808278}
{"obj": {"type": "LogFloats", "path": ["train", "loss"], "values": [{"value": 10.805874824523926, "step": null, "ts": 1719544675.7809756}]}, "version": 233, "at": 1719544675.7809894}
{"obj": {"type": "LogStrings", "path": ["monitoring", "e78c9bfb", "stdout"], "values": [{"value": "Train Epoch: 0 [3328/60000 (6%)]\tLoss: 10.805875", "step": null, "ts": 1719544675.7811356}]}, "version": 234, "at": 1719544675.7811518}
{"obj": {"type": "LogStrings", "path": ["monitoring", "e78c9bfb", "stdout"], "values": [{"value": "\n", "step": null, "ts": 1719544675.7812564}]}, "version": 235, "at": 1719544675.7812672}
{"obj": {"type": "LogFloats", "path": ["train", "avg_v_norm"], "values": [{"value": 0.06991828978061676, "step": null, "ts": 1719544675.8096595}]}, "version": 236, "at": 1719544675.8097043}
{"obj": {"type": "LogFloats", "path": ["train", "loss"], "values": [{"value": 10.645334243774414, "step": null, "ts": 1719544675.8098526}]}, "version": 237, "at": 1719544675.8098655}
{"obj": {"type": "LogStrings", "path": ["monitoring", "e78c9bfb", "stdout"], "values": [{"value": "Train Epoch: 0 [3392/60000 (6%)]\tLoss: 10.645334", "step": null, "ts": 1719544675.8100123}]}, "version": 238, "at": 1719544675.8100278}
{"obj": {"type": "LogStrings", "path": ["monitoring", "e78c9bfb", "stdout"], "values": [{"value": "\n", "step": null, "ts": 1719544675.8101318}]}, "version": 239, "at": 1719544675.8101432}
{"obj": {"type": "LogFloats", "path": ["train", "avg_v_norm"], "values": [{"value": 0.06367455422878265, "step": null, "ts": 1719544675.8418224}]}, "version": 240, "at": 1719544675.8418953}
{"obj": {"type": "LogFloats", "path": ["train", "loss"], "values": [{"value": 10.83863353729248, "step": null, "ts": 1719544675.8421211}]}, "version": 241, "at": 1719544675.8421352}
{"obj": {"type": "LogStrings", "path": ["monitoring", "e78c9bfb", "stdout"], "values": [{"value": "Train Epoch: 0 [3456/60000 (6%)]\tLoss: 10.838634", "step": null, "ts": 1719544675.842333}]}, "version": 242, "at": 1719544675.8423548}
{"obj": {"type": "LogStrings", "path": ["monitoring", "e78c9bfb", "stdout"], "values": [{"value": "\n", "step": null, "ts": 1719544675.8424788}]}, "version": 243, "at": 1719544675.8424895}
{"obj": {"type": "LogFloats", "path": ["train", "avg_v_norm"], "values": [{"value": 0.05075012519955635, "step": null, "ts": 1719544675.8657258}]}, "version": 244, "at": 1719544675.865773}
{"obj": {"type": "LogFloats", "path": ["train", "loss"], "values": [{"value": 10.819157600402832, "step": null, "ts": 1719544675.8659222}]}, "version": 245, "at": 1719544675.8659363}
{"obj": {"type": "LogStrings", "path": ["monitoring", "e78c9bfb", "stdout"], "values": [{"value": "Train Epoch: 0 [3520/60000 (6%)]\tLoss: 10.819158", "step": null, "ts": 1719544675.8660831}]}, "version": 246, "at": 1719544675.8660989}
{"obj": {"type": "LogStrings", "path": ["monitoring", "e78c9bfb", "stdout"], "values": [{"value": "\n", "step": null, "ts": 1719544675.8662028}]}, "version": 247, "at": 1719544675.8662138}
{"obj": {"type": "LogFloats", "path": ["train", "avg_v_norm"], "values": [{"value": 0.05319704860448837, "step": null, "ts": 1719544675.8901694}]}, "version": 248, "at": 1719544675.8902175}
{"obj": {"type": "LogFloats", "path": ["train", "loss"], "values": [{"value": 10.635832786560059, "step": null, "ts": 1719544675.8903658}]}, "version": 249, "at": 1719544675.8903792}
{"obj": {"type": "LogStrings", "path": ["monitoring", "e78c9bfb", "stdout"], "values": [{"value": "Train Epoch: 0 [3584/60000 (6%)]\tLoss: 10.635833", "step": null, "ts": 1719544675.8905308}]}, "version": 250, "at": 1719544675.890548}
{"obj": {"type": "LogStrings", "path": ["monitoring", "e78c9bfb", "stdout"], "values": [{"value": "\n", "step": null, "ts": 1719544675.8906517}]}, "version": 251, "at": 1719544675.8906627}
{"obj": {"type": "LogFloats", "path": ["train", "avg_v_norm"], "values": [{"value": 0.04904989153146744, "step": null, "ts": 1719544675.923889}]}, "version": 252, "at": 1719544675.9239352}
{"obj": {"type": "LogFloats", "path": ["train", "loss"], "values": [{"value": 10.24760627746582, "step": null, "ts": 1719544675.92409}]}, "version": 253, "at": 1719544675.9241033}
{"obj": {"type": "LogStrings", "path": ["monitoring", "e78c9bfb", "stdout"], "values": [{"value": "Train Epoch: 0 [3648/60000 (6%)]\tLoss: 10.247606", "step": null, "ts": 1719544675.9242525}]}, "version": 254, "at": 1719544675.9242687}
{"obj": {"type": "LogStrings", "path": ["monitoring", "e78c9bfb", "stdout"], "values": [{"value": "\n", "step": null, "ts": 1719544675.9243739}]}, "version": 255, "at": 1719544675.9243846}
{"obj": {"type": "LogFloats", "path": ["train", "avg_v_norm"], "values": [{"value": 0.0555543415248394, "step": null, "ts": 1719544675.951836}]}, "version": 256, "at": 1719544675.9518797}
{"obj": {"type": "LogFloats", "path": ["train", "loss"], "values": [{"value": 11.143282890319824, "step": null, "ts": 1719544675.952029}]}, "version": 257, "at": 1719544675.9520435}
{"obj": {"type": "LogStrings", "path": ["monitoring", "e78c9bfb", "stdout"], "values": [{"value": "Train Epoch: 0 [3712/60000 (6%)]\tLoss: 11.143283", "step": null, "ts": 1719544675.95219}]}, "version": 258, "at": 1719544675.9522064}
{"obj": {"type": "LogStrings", "path": ["monitoring", "e78c9bfb", "stdout"], "values": [{"value": "\n", "step": null, "ts": 1719544675.9523125}]}, "version": 259, "at": 1719544675.9523242}
{"obj": {"type": "LogFloats", "path": ["train", "avg_v_norm"], "values": [{"value": 0.05122939497232437, "step": null, "ts": 1719544675.9832952}]}, "version": 260, "at": 1719544675.9833431}
{"obj": {"type": "LogFloats", "path": ["train", "loss"], "values": [{"value": 11.171579360961914, "step": null, "ts": 1719544675.9834936}]}, "version": 261, "at": 1719544675.983509}
{"obj": {"type": "LogStrings", "path": ["monitoring", "e78c9bfb", "stdout"], "values": [{"value": "Train Epoch: 0 [3776/60000 (6%)]\tLoss: 11.171579", "step": null, "ts": 1719544675.9836533}]}, "version": 262, "at": 1719544675.983671}
{"obj": {"type": "LogStrings", "path": ["monitoring", "e78c9bfb", "stdout"], "values": [{"value": "\n", "step": null, "ts": 1719544675.9837787}]}, "version": 263, "at": 1719544675.9837904}
{"obj": {"type": "LogFloats", "path": ["train", "avg_v_norm"], "values": [{"value": 0.0540502667427063, "step": null, "ts": 1719544676.0130885}]}, "version": 264, "at": 1719544676.013144}
{"obj": {"type": "LogFloats", "path": ["train", "loss"], "values": [{"value": 11.126518249511719, "step": null, "ts": 1719544676.0133104}]}, "version": 265, "at": 1719544676.0133245}
{"obj": {"type": "LogStrings", "path": ["monitoring", "e78c9bfb", "stdout"], "values": [{"value": "Train Epoch: 0 [3840/60000 (6%)]\tLoss: 11.126518", "step": null, "ts": 1719544676.013478}]}, "version": 266, "at": 1719544676.0134964}
{"obj": {"type": "LogStrings", "path": ["monitoring", "e78c9bfb", "stdout"], "values": [{"value": "\n", "step": null, "ts": 1719544676.0136127}]}, "version": 267, "at": 1719544676.013624}
{"obj": {"type": "LogFloats", "path": ["train", "avg_v_norm"], "values": [{"value": 0.05097535252571106, "step": null, "ts": 1719544676.0483904}]}, "version": 268, "at": 1719544676.048434}
{"obj": {"type": "LogFloats", "path": ["train", "loss"], "values": [{"value": 10.270364761352539, "step": null, "ts": 1719544676.0485632}]}, "version": 269, "at": 1719544676.0485775}
{"obj": {"type": "LogStrings", "path": ["monitoring", "e78c9bfb", "stdout"], "values": [{"value": "Train Epoch: 0 [3904/60000 (7%)]\tLoss: 10.270365", "step": null, "ts": 1719544676.0487082}]}, "version": 270, "at": 1719544676.0487235}
{"obj": {"type": "LogStrings", "path": ["monitoring", "e78c9bfb", "stdout"], "values": [{"value": "\n", "step": null, "ts": 1719544676.048827}]}, "version": 271, "at": 1719544676.048838}
{"obj": {"type": "LogFloats", "path": ["train", "avg_v_norm"], "values": [{"value": 0.05772881954908371, "step": null, "ts": 1719544676.085402}]}, "version": 272, "at": 1719544676.0854442}
{"obj": {"type": "LogFloats", "path": ["train", "loss"], "values": [{"value": 10.804835319519043, "step": null, "ts": 1719544676.0855832}]}, "version": 273, "at": 1719544676.0855975}
{"obj": {"type": "LogStrings", "path": ["monitoring", "e78c9bfb", "stdout"], "values": [{"value": "Train Epoch: 0 [3968/60000 (7%)]\tLoss: 10.804835", "step": null, "ts": 1719544676.0857358}]}, "version": 274, "at": 1719544676.0857506}
{"obj": {"type": "LogStrings", "path": ["monitoring", "e78c9bfb", "stdout"], "values": [{"value": "\n", "step": null, "ts": 1719544676.0858533}]}, "version": 275, "at": 1719544676.0858648}
{"obj": {"type": "LogFloats", "path": ["train", "avg_v_norm"], "values": [{"value": 0.06319083273410797, "step": null, "ts": 1719544676.110183}]}, "version": 276, "at": 1719544676.11023}
{"obj": {"type": "LogFloats", "path": ["train", "loss"], "values": [{"value": 10.476981163024902, "step": null, "ts": 1719544676.110382}]}, "version": 277, "at": 1719544676.1103957}
{"obj": {"type": "LogStrings", "path": ["monitoring", "e78c9bfb", "stdout"], "values": [{"value": "Train Epoch: 0 [4032/60000 (7%)]\tLoss: 10.476981", "step": null, "ts": 1719544676.1105475}]}, "version": 278, "at": 1719544676.1105638}
{"obj": {"type": "LogStrings", "path": ["monitoring", "e78c9bfb", "stdout"], "values": [{"value": "\n", "step": null, "ts": 1719544676.1106694}]}, "version": 279, "at": 1719544676.1106803}
{"obj": {"type": "LogFloats", "path": ["train", "avg_v_norm"], "values": [{"value": 0.04724887013435364, "step": null, "ts": 1719544676.133913}]}, "version": 280, "at": 1719544676.1339614}
{"obj": {"type": "LogFloats", "path": ["train", "loss"], "values": [{"value": 10.930574417114258, "step": null, "ts": 1719544676.1341097}]}, "version": 281, "at": 1719544676.1341228}
{"obj": {"type": "LogStrings", "path": ["monitoring", "e78c9bfb", "stdout"], "values": [{"value": "Train Epoch: 0 [4096/60000 (7%)]\tLoss: 10.930574", "step": null, "ts": 1719544676.1342719}]}, "version": 282, "at": 1719544676.1342878}
{"obj": {"type": "LogStrings", "path": ["monitoring", "e78c9bfb", "stdout"], "values": [{"value": "\n", "step": null, "ts": 1719544676.134395}]}, "version": 283, "at": 1719544676.1344059}
{"obj": {"type": "LogFloats", "path": ["train", "avg_v_norm"], "values": [{"value": 0.041262149810791016, "step": null, "ts": 1719544676.1675682}]}, "version": 284, "at": 1719544676.1676118}
{"obj": {"type": "LogFloats", "path": ["train", "loss"], "values": [{"value": 10.484598159790039, "step": null, "ts": 1719544676.1677542}]}, "version": 285, "at": 1719544676.1677678}
{"obj": {"type": "LogStrings", "path": ["monitoring", "e78c9bfb", "stdout"], "values": [{"value": "Train Epoch: 0 [4160/60000 (7%)]\tLoss: 10.484598", "step": null, "ts": 1719544676.1679063}]}, "version": 286, "at": 1719544676.1679223}
{"obj": {"type": "LogStrings", "path": ["monitoring", "e78c9bfb", "stdout"], "values": [{"value": "\n", "step": null, "ts": 1719544676.1680279}]}, "version": 287, "at": 1719544676.1680388}
{"obj": {"type": "LogFloats", "path": ["train", "avg_v_norm"], "values": [{"value": 0.0662912130355835, "step": null, "ts": 1719544676.1972318}]}, "version": 288, "at": 1719544676.1972768}
{"obj": {"type": "LogFloats", "path": ["train", "loss"], "values": [{"value": 11.006170272827148, "step": null, "ts": 1719544676.1974158}]}, "version": 289, "at": 1719544676.1974304}
{"obj": {"type": "LogStrings", "path": ["monitoring", "e78c9bfb", "stdout"], "values": [{"value": "Train Epoch: 0 [4224/60000 (7%)]\tLoss: 11.006170", "step": null, "ts": 1719544676.1976256}]}, "version": 290, "at": 1719544676.197664}
{"obj": {"type": "LogStrings", "path": ["monitoring", "e78c9bfb", "stdout"], "values": [{"value": "\n", "step": null, "ts": 1719544676.19786}]}, "version": 291, "at": 1719544676.1978717}
{"obj": {"type": "LogFloats", "path": ["train", "avg_v_norm"], "values": [{"value": 0.03889867290854454, "step": null, "ts": 1719544676.2291713}]}, "version": 292, "at": 1719544676.229217}
{"obj": {"type": "LogFloats", "path": ["train", "loss"], "values": [{"value": 10.525538444519043, "step": null, "ts": 1719544676.2293696}]}, "version": 293, "at": 1719544676.2293835}
{"obj": {"type": "LogStrings", "path": ["monitoring", "e78c9bfb", "stdout"], "values": [{"value": "Train Epoch: 0 [4288/60000 (7%)]\tLoss: 10.525538", "step": null, "ts": 1719544676.2296028}]}, "version": 294, "at": 1719544676.229638}
{"obj": {"type": "LogStrings", "path": ["monitoring", "e78c9bfb", "stdout"], "values": [{"value": "\n", "step": null, "ts": 1719544676.229837}]}, "version": 295, "at": 1719544676.2298498}
{"obj": {"type": "LogFloats", "path": ["train", "avg_v_norm"], "values": [{"value": 0.05383967235684395, "step": null, "ts": 1719544676.2617466}]}, "version": 296, "at": 1719544676.2618146}
{"obj": {"type": "LogFloats", "path": ["train", "loss"], "values": [{"value": 10.670111656188965, "step": null, "ts": 1719544676.2620504}]}, "version": 297, "at": 1719544676.2620647}
{"obj": {"type": "LogStrings", "path": ["monitoring", "e78c9bfb", "stdout"], "values": [{"value": "Train Epoch: 0 [4352/60000 (7%)]\tLoss: 10.670112", "step": null, "ts": 1719544676.2623513}]}, "version": 298, "at": 1719544676.262402}
{"obj": {"type": "LogStrings", "path": ["monitoring", "e78c9bfb", "stdout"], "values": [{"value": "\n", "step": null, "ts": 1719544676.2627673}]}, "version": 299, "at": 1719544676.2627802}
{"obj": {"type": "LogFloats", "path": ["train", "avg_v_norm"], "values": [{"value": 0.04302065819501877, "step": null, "ts": 1719544676.2859652}]}, "version": 300, "at": 1719544676.2860126}
{"obj": {"type": "LogFloats", "path": ["train", "loss"], "values": [{"value": 10.669482231140137, "step": null, "ts": 1719544676.2862024}]}, "version": 301, "at": 1719544676.286217}
{"obj": {"type": "LogStrings", "path": ["monitoring", "e78c9bfb", "stdout"], "values": [{"value": "Train Epoch: 0 [4416/60000 (7%)]\tLoss: 10.669482", "step": null, "ts": 1719544676.286431}]}, "version": 302, "at": 1719544676.2864673}
{"obj": {"type": "LogStrings", "path": ["monitoring", "e78c9bfb", "stdout"], "values": [{"value": "\n", "step": null, "ts": 1719544676.2866895}]}, "version": 303, "at": 1719544676.2867022}
{"obj": {"type": "LogFloats", "path": ["train", "avg_v_norm"], "values": [{"value": 0.07801128923892975, "step": null, "ts": 1719544676.3097966}]}, "version": 304, "at": 1719544676.3098435}
{"obj": {"type": "LogFloats", "path": ["train", "loss"], "values": [{"value": 10.730112075805664, "step": null, "ts": 1719544676.3099973}]}, "version": 305, "at": 1719544676.3100116}
{"obj": {"type": "LogStrings", "path": ["monitoring", "e78c9bfb", "stdout"], "values": [{"value": "Train Epoch: 0 [4480/60000 (7%)]\tLoss: 10.730112", "step": null, "ts": 1719544676.3102303}]}, "version": 306, "at": 1719544676.3102677}
{"obj": {"type": "LogStrings", "path": ["monitoring", "e78c9bfb", "stdout"], "values": [{"value": "\n", "step": null, "ts": 1719544676.3104303}]}, "version": 307, "at": 1719544676.3104432}
{"obj": {"type": "LogFloats", "path": ["train", "avg_v_norm"], "values": [{"value": 0.041903652250766754, "step": null, "ts": 1719544676.3358953}]}, "version": 308, "at": 1719544676.3359416}
{"obj": {"type": "LogFloats", "path": ["train", "loss"], "values": [{"value": 10.920822143554688, "step": null, "ts": 1719544676.3360927}]}, "version": 309, "at": 1719544676.3361068}
{"obj": {"type": "LogStrings", "path": ["monitoring", "e78c9bfb", "stdout"], "values": [{"value": "Train Epoch: 0 [4544/60000 (8%)]\tLoss: 10.920822", "step": null, "ts": 1719544676.3363197}]}, "version": 310, "at": 1719544676.336357}
{"obj": {"type": "LogStrings", "path": ["monitoring", "e78c9bfb", "stdout"], "values": [{"value": "\n", "step": null, "ts": 1719544676.3365133}]}, "version": 311, "at": 1719544676.336526}
{"obj": {"type": "LogFloats", "path": ["train", "avg_v_norm"], "values": [{"value": 0.06932863593101501, "step": null, "ts": 1719544676.3687265}]}, "version": 312, "at": 1719544676.3687708}
{"obj": {"type": "LogFloats", "path": ["train", "loss"], "values": [{"value": 10.822423934936523, "step": null, "ts": 1719544676.3689077}]}, "version": 313, "at": 1719544676.368922}
{"obj": {"type": "LogStrings", "path": ["monitoring", "e78c9bfb", "stdout"], "values": [{"value": "Train Epoch: 0 [4608/60000 (8%)]\tLoss: 10.822424", "step": null, "ts": 1719544676.3691092}]}, "version": 314, "at": 1719544676.3691459}
{"obj": {"type": "LogStrings", "path": ["monitoring", "e78c9bfb", "stdout"], "values": [{"value": "\n", "step": null, "ts": 1719544676.369299}]}, "version": 315, "at": 1719544676.3693113}
{"obj": {"type": "LogFloats", "path": ["train", "avg_v_norm"], "values": [{"value": 0.03121282532811165, "step": null, "ts": 1719544676.392958}]}, "version": 316, "at": 1719544676.3930027}
{"obj": {"type": "LogFloats", "path": ["train", "loss"], "values": [{"value": 10.52981185913086, "step": null, "ts": 1719544676.393147}]}, "version": 317, "at": 1719544676.393161}
{"obj": {"type": "LogStrings", "path": ["monitoring", "e78c9bfb", "stdout"], "values": [{"value": "Train Epoch: 0 [4672/60000 (8%)]\tLoss: 10.529812", "step": null, "ts": 1719544676.3933656}]}, "version": 318, "at": 1719544676.3934023}
{"obj": {"type": "LogStrings", "path": ["monitoring", "e78c9bfb", "stdout"], "values": [{"value": "\n", "step": null, "ts": 1719544676.393632}]}, "version": 319, "at": 1719544676.393645}
{"obj": {"type": "LogFloats", "path": ["train", "avg_v_norm"], "values": [{"value": 0.028457120060920715, "step": null, "ts": 1719544676.4184504}]}, "version": 320, "at": 1719544676.4184985}
{"obj": {"type": "LogFloats", "path": ["train", "loss"], "values": [{"value": 10.588905334472656, "step": null, "ts": 1719544676.4186542}]}, "version": 321, "at": 1719544676.418669}
{"obj": {"type": "LogStrings", "path": ["monitoring", "e78c9bfb", "stdout"], "values": [{"value": "Train Epoch: 0 [4736/60000 (8%)]\tLoss: 10.588905", "step": null, "ts": 1719544676.4188933}]}, "version": 322, "at": 1719544676.418954}
{"obj": {"type": "LogStrings", "path": ["monitoring", "e78c9bfb", "stdout"], "values": [{"value": "\n", "step": null, "ts": 1719544676.4193609}]}, "version": 323, "at": 1719544676.4193742}
{"obj": {"type": "LogFloats", "path": ["train", "avg_v_norm"], "values": [{"value": 0.025108715519309044, "step": null, "ts": 1719544676.531135}]}, "version": 324, "at": 1719544676.5311818}
{"obj": {"type": "LogFloats", "path": ["train", "loss"], "values": [{"value": 10.556694984436035, "step": null, "ts": 1719544676.5313146}]}, "version": 325, "at": 1719544676.5313294}
{"obj": {"type": "LogStrings", "path": ["monitoring", "e78c9bfb", "stdout"], "values": [{"value": "Train Epoch: 0 [4800/60000 (8%)]\tLoss: 10.556695", "step": null, "ts": 1719544676.5315108}]}, "version": 326, "at": 1719544676.531545}
{"obj": {"type": "LogStrings", "path": ["monitoring", "e78c9bfb", "stdout"], "values": [{"value": "\n", "step": null, "ts": 1719544676.531911}]}, "version": 327, "at": 1719544676.5319245}
{"obj": {"type": "LogFloats", "path": ["train", "avg_v_norm"], "values": [{"value": 0.05138721317052841, "step": null, "ts": 1719544676.6917458}]}, "version": 328, "at": 1719544676.6917953}
{"obj": {"type": "LogFloats", "path": ["train", "loss"], "values": [{"value": 10.569215774536133, "step": null, "ts": 1719544676.6919496}]}, "version": 329, "at": 1719544676.691964}
{"obj": {"type": "LogStrings", "path": ["monitoring", "e78c9bfb", "stdout"], "values": [{"value": "Train Epoch: 0 [4864/60000 (8%)]\tLoss: 10.569216", "step": null, "ts": 1719544676.6921644}]}, "version": 330, "at": 1719544676.6922014}
{"obj": {"type": "LogStrings", "path": ["monitoring", "e78c9bfb", "stdout"], "values": [{"value": "\n", "step": null, "ts": 1719544676.6925359}]}, "version": 331, "at": 1719544676.6925485}
{"obj": {"type": "LogFloats", "path": ["train", "avg_v_norm"], "values": [{"value": 0.08310046046972275, "step": null, "ts": 1719544676.715808}]}, "version": 332, "at": 1719544676.7158558}
{"obj": {"type": "LogFloats", "path": ["train", "loss"], "values": [{"value": 10.805471420288086, "step": null, "ts": 1719544676.716005}]}, "version": 333, "at": 1719544676.7160184}
{"obj": {"type": "LogStrings", "path": ["monitoring", "e78c9bfb", "stdout"], "values": [{"value": "Train Epoch: 0 [4928/60000 (8%)]\tLoss: 10.805471", "step": null, "ts": 1719544676.7162123}]}, "version": 334, "at": 1719544676.7162488}
{"obj": {"type": "LogStrings", "path": ["monitoring", "e78c9bfb", "stdout"], "values": [{"value": "\n", "step": null, "ts": 1719544676.7165651}]}, "version": 335, "at": 1719544676.716578}
{"obj": {"type": "LogFloats", "path": ["train", "avg_v_norm"], "values": [{"value": 0.05392177030444145, "step": null, "ts": 1719544676.7440193}]}, "version": 336, "at": 1719544676.7440662}
{"obj": {"type": "LogFloats", "path": ["train", "loss"], "values": [{"value": 10.338482856750488, "step": null, "ts": 1719544676.7442188}]}, "version": 337, "at": 1719544676.7442338}
{"obj": {"type": "LogStrings", "path": ["monitoring", "e78c9bfb", "stdout"], "values": [{"value": "Train Epoch: 0 [4992/60000 (8%)]\tLoss: 10.338483", "step": null, "ts": 1719544676.7444503}]}, "version": 338, "at": 1719544676.744489}
{"obj": {"type": "LogStrings", "path": ["monitoring", "e78c9bfb", "stdout"], "values": [{"value": "\n", "step": null, "ts": 1719544676.7448843}]}, "version": 339, "at": 1719544676.7448971}
{"obj": {"type": "LogFloats", "path": ["train", "avg_v_norm"], "values": [{"value": 0.04870393127202988, "step": null, "ts": 1719544676.7722044}]}, "version": 340, "at": 1719544676.7722514}
{"obj": {"type": "LogFloats", "path": ["train", "loss"], "values": [{"value": 10.22193431854248, "step": null, "ts": 1719544676.7724047}]}, "version": 341, "at": 1719544676.772419}
{"obj": {"type": "LogStrings", "path": ["monitoring", "e78c9bfb", "stdout"], "values": [{"value": "Train Epoch: 0 [5056/60000 (8%)]\tLoss: 10.221934", "step": null, "ts": 1719544676.772662}]}, "version": 342, "at": 1719544676.7726986}
{"obj": {"type": "LogStrings", "path": ["monitoring", "e78c9bfb", "stdout"], "values": [{"value": "\n", "step": null, "ts": 1719544676.7728517}]}, "version": 343, "at": 1719544676.7728643}
{"obj": {"type": "LogFloats", "path": ["train", "avg_v_norm"], "values": [{"value": 0.06552910059690475, "step": null, "ts": 1719544676.8060117}]}, "version": 344, "at": 1719544676.8060784}
{"obj": {"type": "LogFloats", "path": ["train", "loss"], "values": [{"value": 11.124975204467773, "step": null, "ts": 1719544676.8062158}]}, "version": 345, "at": 1719544676.8062298}
{"obj": {"type": "LogStrings", "path": ["monitoring", "e78c9bfb", "stdout"], "values": [{"value": "Train Epoch: 0 [5120/60000 (9%)]\tLoss: 11.124975", "step": null, "ts": 1719544676.8064158}]}, "version": 346, "at": 1719544676.8064525}
{"obj": {"type": "LogStrings", "path": ["monitoring", "e78c9bfb", "traceback"], "values": [{"value": "An uncaught exception occurred while run was active on worker ideas.", "step": null, "ts": 1719544676.8086598}, {"value": "Marking run as failed", "step": null, "ts": 1719544676.8086598}, {"value": "Traceback:", "step": null, "ts": 1719544676.8086598}, {"value": "  File \"/home/silversurfer42/fun/simoss/swarms/mnist.py\", line 286, in <module>\n    main(args)\n", "step": null, "ts": 1719544676.8086598}, {"value": "  File \"/home/silversurfer42/fun/simoss/swarms/mnist.py\", line 251, in main\n    print('Train Epoch: {} [{}/{} ({:.0f}%)]\\tLoss: {:.6f}'.format(\n", "step": null, "ts": 1719544676.8086598}, {"value": "  File \"/home/silversurfer42/.local/lib/python3.10/site-packages/neptune/internal/streams/std_stream_capture_logger.py\", line 47, in write\n    self._log_data_queue.put_nowait(data)\n", "step": null, "ts": 1719544676.8086598}, {"value": "  File \"/usr/lib/python3.10/queue.py\", line 191, in put_nowait\n    return self.put(item, block=False)\n", "step": null, "ts": 1719544676.8086598}, {"value": "  File \"/usr/lib/python3.10/queue.py\", line 133, in put\n    with self.not_full:\n", "step": null, "ts": 1719544676.8086598}, {"value": "  File \"/usr/lib/python3.10/threading.py\", line 265, in __enter__\n    return self._lock.__enter__()\n", "step": null, "ts": 1719544676.8086598}, {"value": "", "step": null, "ts": 1719544676.8086598}]}, "version": 347, "at": 1719544676.8086956}
{"obj": {"type": "AssignBool", "path": ["sys", "failed"], "value": true}, "version": 348, "at": 1719544676.8088067}
{"obj": {"type": "LogStrings", "path": ["monitoring", "e78c9bfb", "stderr"], "values": [{"value": "Traceback (most recent call last):\n", "step": null, "ts": 1719544676.8089206}]}, "version": 349, "at": 1719544676.808952}
{"obj": {"type": "LogStrings", "path": ["monitoring", "e78c9bfb", "stderr"], "values": [{"value": "  File \"/home/silversurfer42/fun/simoss/swarms/mnist.py\", line 286, in <module>\n", "step": null, "ts": 1719544676.8090281}]}, "version": 350, "at": 1719544676.8090394}
{"obj": {"type": "LogStrings", "path": ["monitoring", "e78c9bfb", "stderr"], "values": [{"value": "    ", "step": null, "ts": 1719544676.8091822}]}, "version": 351, "at": 1719544676.8091931}
{"obj": {"type": "LogStrings", "path": ["monitoring", "e78c9bfb", "stderr"], "values": [{"value": "main(args)", "step": null, "ts": 1719544676.8092408}]}, "version": 352, "at": 1719544676.8092496}
{"obj": {"type": "LogStrings", "path": ["monitoring", "e78c9bfb", "stderr"], "values": [{"value": "\n", "step": null, "ts": 1719544676.8093162}]}, "version": 353, "at": 1719544676.8093264}
{"obj": {"type": "LogStrings", "path": ["monitoring", "e78c9bfb", "stderr"], "values": [{"value": "  File \"/home/silversurfer42/fun/simoss/swarms/mnist.py\", line 251, in main\n", "step": null, "ts": 1719544676.8094218}]}, "version": 354, "at": 1719544676.809432}
{"obj": {"type": "LogStrings", "path": ["monitoring", "e78c9bfb", "stderr"], "values": [{"value": "    ", "step": null, "ts": 1719544676.8095589}]}, "version": 355, "at": 1719544676.80957}
{"obj": {"type": "LogStrings", "path": ["monitoring", "e78c9bfb", "stderr"], "values": [{"value": "print('Train Epoch: {} [{}/{} ({:.0f}%)]\\tLoss: {:.6f}'.format(", "step": null, "ts": 1719544676.809636}]}, "version": 356, "at": 1719544676.8096461}
{"obj": {"type": "LogStrings", "path": ["monitoring", "e78c9bfb", "stderr"], "values": [{"value": "\n", "step": null, "ts": 1719544676.8096986}]}, "version": 357, "at": 1719544676.809709}
{"obj": {"type": "LogStrings", "path": ["monitoring", "e78c9bfb", "stderr"], "values": [{"value": "  File \"/home/silversurfer42/.local/lib/python3.10/site-packages/neptune/internal/streams/std_stream_capture_logger.py\", line 47, in write\n", "step": null, "ts": 1719544676.809824}]}, "version": 358, "at": 1719544676.8098345}
{"obj": {"type": "LogStrings", "path": ["monitoring", "e78c9bfb", "stderr"], "values": [{"value": "    ", "step": null, "ts": 1719544676.8098862}]}, "version": 359, "at": 1719544676.8098958}
{"obj": {"type": "LogStrings", "path": ["monitoring", "e78c9bfb", "stderr"], "values": [{"value": "self._log_data_queue.put_nowait(data)", "step": null, "ts": 1719544676.8100324}]}, "version": 360, "at": 1719544676.8100429}
{"obj": {"type": "LogStrings", "path": ["monitoring", "e78c9bfb", "stderr"], "values": [{"value": "\n", "step": null, "ts": 1719544676.8100884}]}, "version": 361, "at": 1719544676.8100982}
{"obj": {"type": "LogStrings", "path": ["monitoring", "e78c9bfb", "stderr"], "values": [{"value": "  File \"/usr/lib/python3.10/queue.py\", line 191, in put_nowait\n", "step": null, "ts": 1719544676.8102262}]}, "version": 362, "at": 1719544676.8102362}
{"obj": {"type": "LogStrings", "path": ["monitoring", "e78c9bfb", "stderr"], "values": [{"value": "    ", "step": null, "ts": 1719544676.810283}]}, "version": 363, "at": 1719544676.8102925}
{"obj": {"type": "LogStrings", "path": ["monitoring", "e78c9bfb", "stderr"], "values": [{"value": "return self.put(item, block=False)", "step": null, "ts": 1719544676.8103344}]}, "version": 364, "at": 1719544676.8103447}
{"obj": {"type": "LogStrings", "path": ["monitoring", "e78c9bfb", "stderr"], "values": [{"value": "\n", "step": null, "ts": 1719544676.810652}]}, "version": 365, "at": 1719544676.8106644}
{"obj": {"type": "LogStrings", "path": ["monitoring", "e78c9bfb", "stderr"], "values": [{"value": "  File \"/usr/lib/python3.10/queue.py\", line 133, in put\n", "step": null, "ts": 1719544676.8107114}]}, "version": 366, "at": 1719544676.8107207}
{"obj": {"type": "LogStrings", "path": ["monitoring", "e78c9bfb", "stderr"], "values": [{"value": "    ", "step": null, "ts": 1719544676.8107646}]}, "version": 367, "at": 1719544676.810774}
{"obj": {"type": "LogStrings", "path": ["monitoring", "e78c9bfb", "stderr"], "values": [{"value": "with self.not_full:", "step": null, "ts": 1719544676.8108132}]}, "version": 368, "at": 1719544676.810823}
{"obj": {"type": "LogStrings", "path": ["monitoring", "e78c9bfb", "stderr"], "values": [{"value": "\n", "step": null, "ts": 1719544676.8108618}]}, "version": 369, "at": 1719544676.810871}
{"obj": {"type": "LogStrings", "path": ["monitoring", "e78c9bfb", "stderr"], "values": [{"value": "  File \"/usr/lib/python3.10/threading.py\", line 265, in __enter__\n", "step": null, "ts": 1719544676.8109186}]}, "version": 370, "at": 1719544676.8109307}
{"obj": {"type": "LogStrings", "path": ["monitoring", "e78c9bfb", "stderr"], "values": [{"value": "    ", "step": null, "ts": 1719544676.8109732}]}, "version": 371, "at": 1719544676.8109822}
{"obj": {"type": "LogStrings", "path": ["monitoring", "e78c9bfb", "stderr"], "values": [{"value": "return self._lock.__enter__()", "step": null, "ts": 1719544676.8110213}]}, "version": 372, "at": 1719544676.8110309}
{"obj": {"type": "LogStrings", "path": ["monitoring", "e78c9bfb", "stderr"], "values": [{"value": "\n", "step": null, "ts": 1719544676.81107}]}, "version": 373, "at": 1719544676.8110795}
{"obj": {"type": "LogStrings", "path": ["monitoring", "e78c9bfb", "stderr"], "values": [{"value": "KeyboardInterrupt", "step": null, "ts": 1719544676.8111434}]}, "version": 374, "at": 1719544676.8111534}
{"obj": {"type": "LogStrings", "path": ["monitoring", "e78c9bfb", "stderr"], "values": [{"value": "", "step": null, "ts": 1719544676.8111942}]}, "version": 375, "at": 1719544676.8112035}
{"obj": {"type": "LogStrings", "path": ["monitoring", "e78c9bfb", "stderr"], "values": [{"value": "\n", "step": null, "ts": 1719544676.8112423}]}, "version": 376, "at": 1719544676.8112514}
{"obj": {"type": "LogFloats", "path": ["monitoring", "e78c9bfb", "cpu"], "values": [{"value": 25.6, "step": null, "ts": 1719544684.0908349}]}, "version": 377, "at": 1719544684.091342}
{"obj": {"type": "LogFloats", "path": ["monitoring", "e78c9bfb", "memory"], "values": [{"value": 4.949542999267578, "step": null, "ts": 1719544684.0908349}]}, "version": 378, "at": 1719544684.0915406}
